EDA Netlist Writer report for control_path
Mon Nov  7 23:56:04 2016
Quartus Prime Version 16.0.0 Build 211 04/27/2016 SJ Lite Edition


---------------------
; Table of Contents ;
---------------------
  1. Legal Notice
  2. EDA Netlist Writer Summary
  3. Simulation Settings
  4. Simulation Generated Files
  5. EDA Netlist Writer Messages



----------------
; Legal Notice ;
----------------
Copyright (C) 1991-2016 Altera Corporation. All rights reserved.
Your use of Altera Corporation's design tools, logic functions 
and other software and tools, and its AMPP partner logic 
functions, and any output files from any of the foregoing 
(including device programming or simulation files), and any 
associated documentation or information are expressly subject 
to the terms and conditions of the Altera Program License 
Subscription Agreement, the Altera Quartus Prime License Agreement,
the Altera MegaCore Function License Agreement, or other 
applicable license agreement, including, without limitation, 
that your use is for the sole purpose of programming logic 
devices manufactured by Altera and sold by Altera or its 
authorized distributors.  Please refer to the applicable 
agreement for further details.



+-------------------------------------------------------------------+
; EDA Netlist Writer Summary                                        ;
+---------------------------+---------------------------------------+
; EDA Netlist Writer Status ; Successful - Mon Nov  7 23:56:04 2016 ;
; Revision Name             ; control_path                          ;
; Top-level Entity Name     ; control_path                          ;
; Family                    ; Cyclone IV E                          ;
; Simulation Files Creation ; Successful                            ;
+---------------------------+---------------------------------------+


+-------------------------------------------------------------------------------------------------------------------------------+
; Simulation Settings                                                                                                           ;
+---------------------------------------------------------------------------------------------------+---------------------------+
; Option                                                                                            ; Setting                   ;
+---------------------------------------------------------------------------------------------------+---------------------------+
; Tool Name                                                                                         ; ModelSim-Altera (Verilog) ;
; Generate functional simulation netlist                                                            ; Off                       ;
; Time scale                                                                                        ; 1 ps                      ;
; Truncate long hierarchy paths                                                                     ; Off                       ;
; Map illegal HDL characters                                                                        ; On                        ;
; Flatten buses into individual nodes                                                               ; Off                       ;
; Maintain hierarchy                                                                                ; Off                       ;
; Bring out device-wide set/reset signals as ports                                                  ; Off                       ;
; Enable glitch filtering                                                                           ; On                        ;
; Generate Power Estimate Scripts                                                                   ; All output signals        ;
; Test Bench design instance name                                                                   ; dut                       ;
; Do not write top level VHDL entity                                                                ; Off                       ;
; Disable detection of setup and hold time violations in the input registers of bi-directional pins ; Off                       ;
; Architecture name in VHDL output netlist                                                          ; structure                 ;
; Generate third-party EDA tool command script for RTL functional simulation                        ; Off                       ;
; Generate third-party EDA tool command script for gate-level simulation                            ; Off                       ;
+---------------------------------------------------------------------------------------------------+---------------------------+


+-----------------------------------------------------------------------------------------------------------------------+
; Simulation Generated Files                                                                                            ;
+-----------------------------------------------------------------------------------------------------------------------+
; Generated Files                                                                                                       ;
+-----------------------------------------------------------------------------------------------------------------------+
; /home/rafi/Dropbox/project_1/vhdl codes/controlpath/Hemanth/simulation/modelsim/control_path_6_1200mv_85c_slow.vo     ;
; /home/rafi/Dropbox/project_1/vhdl codes/controlpath/Hemanth/simulation/modelsim/control_path_6_1200mv_0c_slow.vo      ;
; /home/rafi/Dropbox/project_1/vhdl codes/controlpath/Hemanth/simulation/modelsim/control_path_min_1200mv_0c_fast.vo    ;
; /home/rafi/Dropbox/project_1/vhdl codes/controlpath/Hemanth/simulation/modelsim/control_path.vo                       ;
; /home/rafi/Dropbox/project_1/vhdl codes/controlpath/Hemanth/simulation/modelsim/control_path_6_1200mv_85c_v_slow.sdo  ;
; /home/rafi/Dropbox/project_1/vhdl codes/controlpath/Hemanth/simulation/modelsim/control_path_6_1200mv_0c_v_slow.sdo   ;
; /home/rafi/Dropbox/project_1/vhdl codes/controlpath/Hemanth/simulation/modelsim/control_path_min_1200mv_0c_v_fast.sdo ;
; /home/rafi/Dropbox/project_1/vhdl codes/controlpath/Hemanth/simulation/modelsim/control_path_v.sdo                    ;
; /home/rafi/Dropbox/project_1/vhdl codes/controlpath/Hemanth/simulation/modelsim/control_path_dump_all_vcd_nodes.tcl   ;
+-----------------------------------------------------------------------------------------------------------------------+


+-----------------------------+
; EDA Netlist Writer Messages ;
+-----------------------------+
Info: *******************************************************************
Info: Running Quartus Prime EDA Netlist Writer
    Info: Version 16.0.0 Build 211 04/27/2016 SJ Lite Edition
    Info: Processing started: Mon Nov  7 23:56:03 2016
Info: Command: quartus_eda --read_settings_files=off --write_settings_files=off control_path -c control_path
Info (204019): Generated file control_path_6_1200mv_85c_slow.vo in folder "/home/rafi/Dropbox/project_1/vhdl codes/controlpath/Hemanth/simulation/modelsim/" for EDA simulation tool
Info (204019): Generated file control_path_6_1200mv_0c_slow.vo in folder "/home/rafi/Dropbox/project_1/vhdl codes/controlpath/Hemanth/simulation/modelsim/" for EDA simulation tool
Info (204019): Generated file control_path_min_1200mv_0c_fast.vo in folder "/home/rafi/Dropbox/project_1/vhdl codes/controlpath/Hemanth/simulation/modelsim/" for EDA simulation tool
Info (204019): Generated file control_path.vo in folder "/home/rafi/Dropbox/project_1/vhdl codes/controlpath/Hemanth/simulation/modelsim/" for EDA simulation tool
Info (204019): Generated file control_path_6_1200mv_85c_v_slow.sdo in folder "/home/rafi/Dropbox/project_1/vhdl codes/controlpath/Hemanth/simulation/modelsim/" for EDA simulation tool
Info (204019): Generated file control_path_6_1200mv_0c_v_slow.sdo in folder "/home/rafi/Dropbox/project_1/vhdl codes/controlpath/Hemanth/simulation/modelsim/" for EDA simulation tool
Info (204019): Generated file control_path_min_1200mv_0c_v_fast.sdo in folder "/home/rafi/Dropbox/project_1/vhdl codes/controlpath/Hemanth/simulation/modelsim/" for EDA simulation tool
Info (204019): Generated file control_path_v.sdo in folder "/home/rafi/Dropbox/project_1/vhdl codes/controlpath/Hemanth/simulation/modelsim/" for EDA simulation tool
Info (204020): Writing VCD Dump Commands for all nodes to /home/rafi/Dropbox/project_1/vhdl codes/controlpath/Hemanth/simulation/modelsim/control_path_dump_all_vcd_nodes.tcl
Info: Quartus Prime EDA Netlist Writer was successful. 0 errors, 0 warnings
    Info: Peak virtual memory: 1314 megabytes
    Info: Processing ended: Mon Nov  7 23:56:04 2016
    Info: Elapsed time: 00:00:01
    Info: Total CPU time (on all processors): 00:00:01


